0 info it worked if it ends with ok
1 verbose cli [ 'D:\\Program Files\\nodejs\\node.exe',
1 verbose cli   'D:\\Program Files\\nodejs\\node_modules\\npm\\bin\\npm-cli.js',
1 verbose cli   'install',
1 verbose cli   'ios-sim',
1 verbose cli   '-g' ]
2 info using npm@2.14.7
3 info using node@v4.2.1
4 verbose install initial load of C:\Users\admin\AppData\Roaming\npm\package.json
5 verbose readDependencies loading dependencies from C:\Users\admin\AppData\Roaming\npm\package.json
6 silly cache add args [ 'ios-sim', null ]
7 verbose cache add spec ios-sim
8 silly cache add parsed spec Result {
8 silly cache add   raw: 'ios-sim',
8 silly cache add   scope: null,
8 silly cache add   name: 'ios-sim',
8 silly cache add   rawSpec: '',
8 silly cache add   spec: '*',
8 silly cache add   type: 'range' }
9 silly addNamed ios-sim@*
10 verbose addNamed "*" is a valid semver range for ios-sim
11 silly addNameRange { name: 'ios-sim', range: '*', hasData: false }
12 silly mapToRegistry name ios-sim
13 silly mapToRegistry using default registry
14 silly mapToRegistry registry https://registry.npmjs.org/
15 silly mapToRegistry uri https://registry.npmjs.org/ios-sim
16 verbose addNameRange registry:https://registry.npmjs.org/ios-sim not in flight; fetching
17 verbose request uri https://registry.npmjs.org/ios-sim
18 verbose request no auth needed
19 info attempt registry request try #1 at 8:04:53 PM
20 verbose request id 7db67f29da7e9d82
21 verbose etag "7HWV6SP011Y19FMXDY2LORDTJ"
22 http request GET https://registry.npmjs.org/ios-sim
23 http 304 https://registry.npmjs.org/ios-sim
24 verbose headers { date: 'Wed, 04 Nov 2015 14:35:02 GMT',
24 verbose headers   via: '1.1 varnish',
24 verbose headers   'cache-control': 'max-age=60',
24 verbose headers   etag: '"7HWV6SP011Y19FMXDY2LORDTJ"',
24 verbose headers   age: '0',
24 verbose headers   connection: 'keep-alive',
24 verbose headers   'x-served-by': 'cache-dfw1823-DFW',
24 verbose headers   'x-cache': 'MISS',
24 verbose headers   'x-cache-hits': '0',
24 verbose headers   'x-timer': 'S1446647702.673963,VS0,VE68',
24 verbose headers   vary: 'Accept' }
25 silly get cb [ 304,
25 silly get   { date: 'Wed, 04 Nov 2015 14:35:02 GMT',
25 silly get     via: '1.1 varnish',
25 silly get     'cache-control': 'max-age=60',
25 silly get     etag: '"7HWV6SP011Y19FMXDY2LORDTJ"',
25 silly get     age: '0',
25 silly get     connection: 'keep-alive',
25 silly get     'x-served-by': 'cache-dfw1823-DFW',
25 silly get     'x-cache': 'MISS',
25 silly get     'x-cache-hits': '0',
25 silly get     'x-timer': 'S1446647702.673963,VS0,VE68',
25 silly get     vary: 'Accept' } ]
26 verbose etag https://registry.npmjs.org/ios-sim from cache
27 verbose get saving ios-sim to C:\Users\admin\AppData\Roaming\npm-cache\registry.npmjs.org\ios-sim\.cache.json
28 silly addNameRange number 2 { name: 'ios-sim', range: '*', hasData: true }
29 silly addNameRange versions [ 'ios-sim',
29 silly addNameRange   [ '1.8.0',
29 silly addNameRange     '1.8.1',
29 silly addNameRange     '1.8.2',
29 silly addNameRange     '1.9.0',
29 silly addNameRange     '2.0.0',
29 silly addNameRange     '2.0.1',
29 silly addNameRange     '3.0.0',
29 silly addNameRange     '3.1.0',
29 silly addNameRange     '3.1.1',
29 silly addNameRange     '4.1.0',
29 silly addNameRange     '4.1.1',
29 silly addNameRange     '3.2.0',
29 silly addNameRange     '5.0.0',
29 silly addNameRange     '5.0.1',
29 silly addNameRange     '5.0.2',
29 silly addNameRange     '5.0.3' ] ]
30 silly addNamed ios-sim@5.0.3
31 verbose addNamed "5.0.3" is a plain semver version for ios-sim
32 silly cache afterAdd ios-sim@5.0.3
33 verbose afterAdd C:\Users\admin\AppData\Roaming\npm-cache\ios-sim\5.0.3\package\package.json not in flight; writing
34 verbose afterAdd C:\Users\admin\AppData\Roaming\npm-cache\ios-sim\5.0.3\package\package.json written
35 silly install resolved [ { name: 'ios-sim',
35 silly install resolved     version: '5.0.3',
35 silly install resolved     os: [ 'darwin' ],
35 silly install resolved     preferGlobal: 'true',
35 silly install resolved     description: 'launch iOS apps into the iOS Simulator from the command line (Xcode 6.0+)',
35 silly install resolved     main: 'ios-sim.js',
35 silly install resolved     repository:
35 silly install resolved      { type: 'git',
35 silly install resolved        url: 'git+https://github.com/phonegap/ios-sim.git' },
35 silly install resolved     engines: { node: '>=0.10.0' },
35 silly install resolved     keywords: [ 'ios-sim', 'iOS Simulator' ],
35 silly install resolved     bin: { 'ios-sim': './bin/ios-sim' },
35 silly install resolved     bugs: { url: 'https://github.com/phonegap/ios-sim/issues' },
35 silly install resolved     author: { name: 'Shazron Abdullah' },
35 silly install resolved     license: 'MIT',
35 silly install resolved     dependencies: { simctl: '^0.0.6', nopt: '1.0.9', 'bplist-parser': '^0.0.6' },
35 silly install resolved     gitHead: 'd0dd865bd9b35b0d324ab37dc93126735a309ffb',
35 silly install resolved     homepage: 'https://github.com/phonegap/ios-sim#readme',
35 silly install resolved     _id: 'ios-sim@5.0.3',
35 silly install resolved     scripts: {},
35 silly install resolved     _shasum: '152c724258f22e13cbfa9b67d55a5300e9920af1',
35 silly install resolved     _from: 'ios-sim@*',
35 silly install resolved     _npmVersion: '2.11.3',
35 silly install resolved     _nodeVersion: '0.12.7',
35 silly install resolved     _npmUser: { name: 'shazron', email: 'shazron@gmail.com' },
35 silly install resolved     maintainers: [ [Object], [Object], [Object], [Object] ],
35 silly install resolved     dist:
35 silly install resolved      { shasum: '152c724258f22e13cbfa9b67d55a5300e9920af1',
35 silly install resolved        tarball: 'http://registry.npmjs.org/ios-sim/-/ios-sim-5.0.3.tgz' },
35 silly install resolved     directories: {},
35 silly install resolved     _resolved: 'https://registry.npmjs.org/ios-sim/-/ios-sim-5.0.3.tgz',
35 silly install resolved     readme: 'ERROR: No README data found!' } ]
36 info install ios-sim@5.0.3 into C:\Users\admin\AppData\Roaming\npm
37 info installOne ios-sim@5.0.3
38 verbose installOne of ios-sim to C:\Users\admin\AppData\Roaming\npm not in flight; installing
39 verbose lock using C:\Users\admin\AppData\Roaming\npm-cache\_locks\ios-sim-d64f3562b209e3db.lock for C:\Users\admin\AppData\Roaming\npm\node_modules\ios-sim
40 verbose unlock done using C:\Users\admin\AppData\Roaming\npm-cache\_locks\ios-sim-d64f3562b209e3db.lock for C:\Users\admin\AppData\Roaming\npm\node_modules\ios-sim
41 verbose stack Error: Unsupported
41 verbose stack     at checkPlatform (D:\Program Files\nodejs\node_modules\npm\node_modules\npm-install-checks\index.js:47:14)
41 verbose stack     at Array.<anonymous> (D:\Program Files\nodejs\node_modules\npm\node_modules\slide\lib\bind-actor.js:15:8)
41 verbose stack     at LOOP (D:\Program Files\nodejs\node_modules\npm\node_modules\slide\lib\chain.js:15:14)
41 verbose stack     at D:\Program Files\nodejs\node_modules\npm\node_modules\slide\lib\chain.js:18:7
41 verbose stack     at checkEngine (D:\Program Files\nodejs\node_modules\npm\node_modules\npm-install-checks\index.js:26:10)
41 verbose stack     at Array.<anonymous> (D:\Program Files\nodejs\node_modules\npm\node_modules\slide\lib\bind-actor.js:15:8)
41 verbose stack     at LOOP (D:\Program Files\nodejs\node_modules\npm\node_modules\slide\lib\chain.js:15:14)
41 verbose stack     at chain (D:\Program Files\nodejs\node_modules\npm\node_modules\slide\lib\chain.js:20:5)
41 verbose stack     at D:\Program Files\nodejs\node_modules\npm\lib\install.js:1038:5
41 verbose stack     at D:\Program Files\nodejs\node_modules\npm\lib\utils\locker.js:39:7
42 verbose pkgid ios-sim@5.0.3
43 verbose cwd D:\Ionic\LMMobileIonic
44 error Windows_NT 6.3.9600
45 error argv "D:\\Program Files\\nodejs\\node.exe" "D:\\Program Files\\nodejs\\node_modules\\npm\\bin\\npm-cli.js" "install" "ios-sim" "-g"
46 error node v4.2.1
47 error npm  v2.14.7
48 error code EBADPLATFORM
49 error notsup Unsupported
49 error notsup Not compatible with your operating system or architecture: ios-sim@5.0.3
49 error notsup Valid OS:    darwin
49 error notsup Valid Arch:  any
49 error notsup Actual OS:   win32
49 error notsup Actual Arch: x64
50 verbose exit [ 1, true ]
